<?xml version="1.0" encoding="UTF-8"?>
<!-- Generated by org.testng.reporters.JUnitXMLReporter -->
<testsuite ignored="0" hostname="2ac0cf970bdb589" failures="0" tests="4" name="suite_example" time="0.116" errors="0" timestamp="2023-03-30T16:51:56 IST">
  <testcase classname="com.ust.test.FirstTest" name="f" time="0.008"/>
  <testcase classname="com.ust.test.FirstTest" name="a" time="0.002"/>
  <testcase classname="com.ust.test.SecondTest" name="f" time="0.004"/>
  <testcase classname="com.ust.test.ThirdTest" name="f" time="0.002"/>
</testsuite> <!-- suite_example -->
