<?xml version="1.0" encoding="UTF-8"?>
<testng-results ignored="0" total="4" passed="4" failed="0" skipped="0">
  <reporter-output>
  </reporter-output>
  <suite started-at="2023-03-30T16:51:56 IST" name="mytestsuite" finished-at="2023-03-30T16:51:56 IST" duration-ms="116">
    <groups>
    </groups>
    <test started-at="2023-03-30T16:51:56 IST" name="suite_example" finished-at="2023-03-30T16:51:56 IST" duration-ms="116">
      <class name="com.ust.test.ThirdTest">
        <test-method is-config="true" signature="beforeTest()[pri:0, instance:com.ust.test.ThirdTest@ef9296d]" started-at="2023-03-30T16:51:56 IST" name="beforeTest" finished-at="2023-03-30T16:51:56 IST" duration-ms="1" status="PASS">
          <reporter-output>
          </reporter-output>
        </test-method> <!-- beforeTest -->
        <test-method signature="f()[pri:0, instance:com.ust.test.ThirdTest@ef9296d]" started-at="2023-03-30T16:51:56 IST" name="f" finished-at="2023-03-30T16:51:56 IST" duration-ms="2" status="PASS">
          <reporter-output>
          </reporter-output>
        </test-method> <!-- f -->
        <test-method is-config="true" signature="afterTest()[pri:0, instance:com.ust.test.ThirdTest@ef9296d]" started-at="2023-03-30T16:51:56 IST" name="afterTest" finished-at="2023-03-30T16:51:56 IST" duration-ms="0" status="PASS">
          <reporter-output>
          </reporter-output>
        </test-method> <!-- afterTest -->
      </class> <!-- com.ust.test.ThirdTest -->
      <class name="com.ust.test.SecondTest">
        <test-method is-config="true" signature="beforeTest()[pri:0, instance:com.ust.test.SecondTest@6af93788]" started-at="2023-03-30T16:51:56 IST" name="beforeTest" finished-at="2023-03-30T16:51:56 IST" duration-ms="1" status="PASS">
          <reporter-output>
          </reporter-output>
        </test-method> <!-- beforeTest -->
        <test-method signature="f()[pri:0, instance:com.ust.test.SecondTest@6af93788]" started-at="2023-03-30T16:51:56 IST" name="f" finished-at="2023-03-30T16:51:56 IST" duration-ms="4" status="PASS">
          <reporter-output>
          </reporter-output>
        </test-method> <!-- f -->
        <test-method is-config="true" signature="afterTest()[pri:0, instance:com.ust.test.SecondTest@6af93788]" started-at="2023-03-30T16:51:56 IST" name="afterTest" finished-at="2023-03-30T16:51:56 IST" duration-ms="1" status="PASS">
          <reporter-output>
          </reporter-output>
        </test-method> <!-- afterTest -->
      </class> <!-- com.ust.test.SecondTest -->
      <class name="com.ust.test.FirstTest">
        <test-method is-config="true" signature="beforeTest()[pri:0, instance:com.ust.test.FirstTest@4ddced80]" started-at="2023-03-30T16:51:56 IST" name="beforeTest" finished-at="2023-03-30T16:51:56 IST" duration-ms="11" status="PASS">
          <reporter-output>
          </reporter-output>
        </test-method> <!-- beforeTest -->
        <test-method signature="f()[pri:1, instance:com.ust.test.FirstTest@4ddced80]" started-at="2023-03-30T16:51:56 IST" name="f" description="this is excecuted first" finished-at="2023-03-30T16:51:56 IST" duration-ms="8" status="PASS">
          <reporter-output>
          </reporter-output>
        </test-method> <!-- f -->
        <test-method signature="a()[pri:2, instance:com.ust.test.FirstTest@4ddced80]" started-at="2023-03-30T16:51:56 IST" name="a" description="test description" finished-at="2023-03-30T16:51:56 IST" duration-ms="2" status="PASS">
          <reporter-output>
          </reporter-output>
        </test-method> <!-- a -->
        <test-method is-config="true" signature="afterTest()[pri:0, instance:com.ust.test.FirstTest@4ddced80]" started-at="2023-03-30T16:51:56 IST" name="afterTest" finished-at="2023-03-30T16:51:56 IST" duration-ms="0" status="PASS">
          <reporter-output>
          </reporter-output>
        </test-method> <!-- afterTest -->
      </class> <!-- com.ust.test.FirstTest -->
    </test> <!-- suite_example -->
  </suite> <!-- mytestsuite -->
</testng-results>
